  compilation object save succeeded; see C:\KamataEngine\DirectXGame\x64\Release\ObjPS.cso
  compilation object save succeeded; see C:\KamataEngine\DirectXGame\x64\Release\ObjVS.cso
  compilation object save succeeded; see C:\KamataEngine\DirectXGame\x64\Release\ShapePS.cso
  compilation object save succeeded; see C:\KamataEngine\DirectXGame\x64\Release\ShapeVS.cso
  compilation object save succeeded; see C:\KamataEngine\DirectXGame\x64\Release\SpritePS.cso
  compilation object save succeeded; see C:\KamataEngine\DirectXGame\x64\Release\SpriteVS.cso
  DebugText.cpp
  Sprite.cpp
  DebugCamera.cpp
  LightGroup.cpp
  Material.cpp
  Mesh.cpp
  Model.cpp
  ViewProjection.cpp
  WorldTransform.cpp
  Audio.cpp
  AxisIndicator.cpp
  DirectXCommon.cpp
  TextureManager.cpp
  WinApp.cpp
  Input.cpp
  main.cpp
  GameScene.cpp
  コード生成しています。
  Previous IPDB not found, fall back to full compilation.
  All 2048 functions were compiled because no usable IPDB/IOBJ from previous compilation was found.
  コード生成が終了しました。
  DirectXGame.vcxproj -> C:\KamataEngine\DirectXGame\x64\Release\AL3.exe
